{
  "events": [
    {
      "type": "console",
      "level": "log",
      "text": "Tab switched to: #tab-status",
      "location": {
        "url": "http://193.238.158.74/js/app.js",
        "lineNumber": 2437,
        "columnNumber": 14
      }
    },
    {
      "type": "console",
      "level": "log",
      "text": "Active pane: tab-status display: block classes: tab-pane active",
      "location": {
        "url": "http://193.238.158.74/js/app.js",
        "lineNumber": 2438,
        "columnNumber": 14
      }
    },
    {
      "type": "console",
      "level": "log",
      "text": "Loading content for tab: #tab-status",
      "location": {
        "url": "http://193.238.158.74/js/app.js",
        "lineNumber": 2486,
        "columnNumber": 12
      }
    },
    {
      "type": "console",
      "level": "log",
      "text": "Loading status tab content...",
      "location": {
        "url": "http://193.238.158.74/js/app.js",
        "lineNumber": 2518,
        "columnNumber": 16
      }
    },
    {
      "type": "console",
      "level": "log",
      "text": "Fetching /status/lite API...",
      "location": {
        "url": "http://193.238.158.74/js/app.js",
        "lineNumber": 2522,
        "columnNumber": 20
      }
    },
    {
      "type": "console",
      "level": "log",
      "text": "ensureTraceroutePreloaded: start",
      "location": {
        "url": "http://193.238.158.74/js/app.js",
        "lineNumber": 2156,
        "columnNumber": 18
      }
    },
    {
      "type": "console",
      "level": "log",
      "text": "Status data received: JSHandle@array",
      "location": {
        "url": "http://193.238.158.74/js/app.js",
        "lineNumber": 2523,
        "columnNumber": 91
      }
    }
  ],
  "extractedTables": {
    "neighbors": [],
    "connections": [],
    "traceroute": [
      [
        "1",
        "<a href=\"https://193.238.156.86\" target=\"_blank\">193.238.156.86</a>",
        "<a href=\"https://ge2-rn01falke.falke-bb.wien.funkfeuer.at\" target=\"_blank\">ge2-rn01falke.falke-bb.wien.funkfeuer.at</a>",
        "0.287ms"
      ]
    ],
    "olsrLinks": []
  }
}