[
  {
    "type": "request",
    "url": "http://193.238.158.74/",
    "method": "GET",
    "resourceType": "document"
  },
  {
    "type": "response",
    "url": "http://193.238.158.74/",
    "status": 200,
    "method": "GET",
    "resourceType": "document"
  },
  {
    "type": "request",
    "url": "https://cdn.jsdelivr.net/npm/bootstrap@3.4.1/dist/css/bootstrap.min.css",
    "method": "GET",
    "resourceType": "stylesheet"
  },
  {
    "type": "request",
    "url": "http://193.238.158.74/css/custom.css",
    "method": "GET",
    "resourceType": "stylesheet"
  },
  {
    "type": "request",
    "url": "https://code.jquery.com/jquery-1.12.4.min.js",
    "method": "GET",
    "resourceType": "script"
  },
  {
    "type": "request",
    "url": "https://cdn.jsdelivr.net/npm/bootstrap@3.4.1/dist/js/bootstrap.min.js",
    "method": "GET",
    "resourceType": "script"
  },
  {
    "type": "request",
    "url": "http://193.238.158.74/js/app.js",
    "method": "GET",
    "resourceType": "script"
  },
  {
    "type": "response",
    "url": "http://193.238.158.74/css/custom.css",
    "status": 200,
    "method": "GET",
    "resourceType": "stylesheet"
  },
  {
    "type": "response",
    "url": "http://193.238.158.74/js/app.js",
    "status": 200,
    "method": "GET",
    "resourceType": "script"
  },
  {
    "type": "response",
    "url": "https://cdn.jsdelivr.net/npm/bootstrap@3.4.1/dist/css/bootstrap.min.css",
    "status": 200,
    "method": "GET",
    "resourceType": "stylesheet"
  },
  {
    "type": "response",
    "url": "https://cdn.jsdelivr.net/npm/bootstrap@3.4.1/dist/js/bootstrap.min.js",
    "status": 200,
    "method": "GET",
    "resourceType": "script"
  },
  {
    "type": "response",
    "url": "https://code.jquery.com/jquery-1.12.4.min.js",
    "status": 200,
    "method": "GET",
    "resourceType": "script"
  },
  {
    "type": "request",
    "url": "https://cdn.jsdelivr.net/npm/bootstrap@3.4.1/dist/fonts/glyphicons-halflings-regular.woff2",
    "method": "GET",
    "resourceType": "font"
  },
  {
    "type": "request",
    "url": "http://193.238.158.74/status/lite",
    "method": "GET",
    "resourceType": "fetch"
  },
  {
    "type": "response",
    "url": "https://cdn.jsdelivr.net/npm/bootstrap@3.4.1/dist/fonts/glyphicons-halflings-regular.woff2",
    "status": 200,
    "method": "GET",
    "resourceType": "font"
  },
  {
    "type": "request",
    "url": "http://193.238.158.74/status/ping",
    "method": "GET",
    "resourceType": "fetch"
  },
  {
    "type": "request",
    "url": "http://193.238.158.74/status/lite",
    "method": "GET",
    "resourceType": "fetch"
  },
  {
    "type": "request",
    "url": "http://193.238.158.74/platform.json",
    "method": "GET",
    "resourceType": "fetch"
  },
  {
    "type": "request",
    "url": "http://193.238.158.74/status/stats",
    "method": "GET",
    "resourceType": "fetch"
  },
  {
    "type": "request",
    "url": "http://193.238.158.74/status/traceroute",
    "method": "GET",
    "resourceType": "fetch"
  },
  {
    "type": "response",
    "url": "http://193.238.158.74/status/ping",
    "status": 200,
    "method": "GET",
    "resourceType": "fetch"
  },
  {
    "type": "response",
    "url": "http://193.238.158.74/platform.json",
    "status": 404,
    "method": "GET",
    "resourceType": "fetch",
    "note": "HTTP error"
  },
  {
    "type": "response",
    "url": "http://193.238.158.74/status/stats",
    "status": 200,
    "method": "GET",
    "resourceType": "fetch"
  },
  {
    "type": "response",
    "url": "http://193.238.158.74/status/lite",
    "status": 200,
    "method": "GET",
    "resourceType": "fetch"
  },
  {
    "type": "response",
    "url": "http://193.238.158.74/status/traceroute",
    "status": 200,
    "method": "GET",
    "resourceType": "fetch"
  },
  {
    "type": "response",
    "url": "http://193.238.158.74/status/lite",
    "status": 200,
    "method": "GET",
    "resourceType": "fetch"
  },
  {
    "type": "request",
    "url": "http://193.238.158.74/devices.json",
    "method": "GET",
    "resourceType": "fetch"
  },
  {
    "type": "response",
    "url": "http://193.238.158.74/devices.json",
    "status": 200,
    "method": "GET",
    "resourceType": "fetch"
  }
]